02_08_2022_22-23-41 TEST02_08_2022_22-29-47 TEST02_08_2022_22-32-02 TEST
02_08_2022_22-32-18 TEST
02_08_2022_22-45-32 TEST
info	02_08_2022_23-40-06	asd
info	02_08_2022_23-40-56	Program started
info	02.08.2022 23:42:30	Program started
info	02.08.2022 23:43:35	Program started
info	02.08.2022_23:44:08	Program started
info	02.08.2022_23:46:00		Program started
info 02.08.2022_23:47:05 Program started
info 02.08.2022_23:57:32 Program started
info 02.08.2022_23:57:39 Login created
info 02.08.2022_23:59:29 Program started
info 02.08.2022_23:59:41 Login created
info 02.08.2022_23:59:56 User logged in
03.08.2022_00:03:52 info Program started
03.08.2022_00:04:07 info Login created
03.08.2022_00:04:50 info User logged in
03.08.2022_05:58:58 info Program started
03.08.2022_05:59:04 info User logged in
08.08.2022_00:32:11 info Program started
08.08.2022_00:32:26 info User logged in
